生成启动时间为 2012/10/29 21:02:43。
     1>项目“c:\Users\Wqxhouse\documents\visual studio 2010\Projects\Navigation\Navigation\Navigation.vcxproj”在节点 2 上(build 个目标)。
     1>InitializeBuildStatus:
         正在创建“Debug\Navigation.unsuccessfulbuild”，因为已指定“AlwaysCreate”。
       ClCompile:
         C:\Program Files (x86)\Microsoft Visual Studio 10.0\VC\bin\CL.exe /c /AI"C:\Program Files (x86)\Reference Assemblies\Microsoft\Framework\.NETFramework\v4.0" /Zi /clr /nologo /W3 /WX- /Od /Oy- /D WIN32 /D _DEBUG /D _UNICODE /D UNICODE /EHa /MDd /GS /fp:precise /Zc:wchar_t /Zc:forScope /Yc"StdAfx.h" /Fp"Debug\Navigation.pch" /Fo"Debug\\" /Fd"Debug\vc100.pdb" /TP /FU"C:\Program Files (x86)\Reference Assemblies\Microsoft\Framework\.NETFramework\v4.0\System.Core.dll" /FU"C:\Program Files (x86)\Reference Assemblies\Microsoft\Framework\.NETFramework\v4.0\System.Data.dll" /FU"C:\Program Files (x86)\Reference Assemblies\Microsoft\Framework\.NETFramework\v4.0\System.dll" /FU"C:\Program Files (x86)\Reference Assemblies\Microsoft\Framework\.NETFramework\v4.0\System.Xml.dll" /analyze- /errorReport:prompt stdafx.cpp /clr:nostdlib 
         stdafx.cpp
         C:\Program Files (x86)\Microsoft Visual Studio 10.0\VC\bin\CL.exe /c /AI"C:\Program Files (x86)\Reference Assemblies\Microsoft\Framework\.NETFramework\v4.0" /Zi /clr /nologo /W3 /WX- /Od /Oy- /D WIN32 /D _DEBUG /D _UNICODE /D UNICODE /EHa /MDd /GS /fp:precise /Zc:wchar_t /Zc:forScope /Yu"StdAfx.h" /Fp"Debug\Navigation.pch" /Fo"Debug\\" /Fd"Debug\vc100.pdb" /TP /FU"C:\Program Files (x86)\Reference Assemblies\Microsoft\Framework\.NETFramework\v4.0\System.Core.dll" /FU"C:\Program Files (x86)\Reference Assemblies\Microsoft\Framework\.NETFramework\v4.0\System.Data.dll" /FU"C:\Program Files (x86)\Reference Assemblies\Microsoft\Framework\.NETFramework\v4.0\System.dll" /FU"C:\Program Files (x86)\Reference Assemblies\Microsoft\Framework\.NETFramework\v4.0\System.Xml.dll" /analyze- /errorReport:prompt AssemblyInfo.cpp Autosearch.cpp Navigation.cpp Pathfinder.cpp /clr:nostdlib 
         AssemblyInfo.cpp
         Autosearch.cpp
     1>Autosearch.cpp(4): fatal error C1083: 无法打开包括文件:“MasterHeader.h”: No such file or directory
         Navigation.cpp
         Pathfinder.cpp
     1>Pathfinder.cpp(4): warning C4627: “#include "Autosearch.h"”: 在查找预编译头使用时跳过
                 将指令添加到“StdAfx.h”或重新生成预编译头
     1>Pathfinder.cpp(5): warning C4627: “#include "Pathfinder.h"”: 在查找预编译头使用时跳过
                 将指令添加到“StdAfx.h”或重新生成预编译头
     1>Pathfinder.cpp(6): warning C4627: “#include <vector>”: 在查找预编译头使用时跳过
                 将指令添加到“StdAfx.h”或重新生成预编译头
     1>Pathfinder.cpp(7): warning C4627: “#include <iostream>”: 在查找预编译头使用时跳过
                 将指令添加到“StdAfx.h”或重新生成预编译头
     1>Pathfinder.cpp(71): fatal error C1010: 在查找预编译头时遇到意外的文件结尾。是否忘记了向源中添加“#include "StdAfx.h"”?
         正在生成代码...
     1>已完成生成项目“c:\Users\Wqxhouse\documents\visual studio 2010\Projects\Navigation\Navigation\Navigation.vcxproj”(build 个目标)的操作 - 失败。

生成失败。

已用时间 00:00:02.01
